2025-02-01 13:02:34 [DEBUG] Using selector: EpollSelector
2025-02-01 13:02:34 [DEBUG] Using selector: EpollSelector
2025-02-01 13:02:34 [DEBUG] Using selector: EpollSelector
2025-02-01 13:02:38 [INFO] Root endpoint accessed.
2025-02-01 13:04:31 [INFO] Processing 6 contacts for sending messages.
2025-02-01 13:04:31 [INFO] Sending batch of 6 contacts
2025-02-01 13:04:31 [INFO] media_type IMAGE
2025-02-01 13:04:32 [INFO] All messages processed. Total results: 6
2025-02-01 13:04:32 [INFO] notify_user function called
2025-02-01 13:04:32 [INFO] Successfully notified user via webhook.
2025-02-01 13:04:42 [DEBUG] load_ssl_context verify=True cert=None trust_env=True http2=False
2025-02-01 13:04:42 [DEBUG] load_verify_locations cafile='/var/www/fastapi_env/lib/python3.12/site-packages/certifi/cacert.pem'
2025-02-01 13:04:42 [DEBUG] connect_tcp.started host='wtsdealnow.com' port=443 local_address=None timeout=5.0 socket_options=None
2025-02-01 13:04:42 [DEBUG] connect_tcp.complete return_value=<httpcore._backends.anyio.AnyIOStream object at 0x739ea49eacf0>
2025-02-01 13:04:42 [DEBUG] start_tls.started ssl_context=<ssl.SSLContext object at 0x739ea4637050> server_hostname='wtsdealnow.com' timeout=5.0
2025-02-01 13:04:42 [DEBUG] start_tls.complete return_value=<httpcore._backends.anyio.AnyIOStream object at 0x739ea4821be0>
2025-02-01 13:04:42 [DEBUG] send_request_headers.started request=<Request [b'GET']>
2025-02-01 13:04:42 [DEBUG] send_request_headers.complete
2025-02-01 13:04:42 [DEBUG] send_request_body.started request=<Request [b'GET']>
2025-02-01 13:04:42 [DEBUG] send_request_body.complete
2025-02-01 13:04:42 [DEBUG] receive_response_headers.started request=<Request [b'GET']>
2025-02-01 13:04:42 [DEBUG] receive_response_headers.complete return_value=(b'HTTP/1.1', 200, b'OK', [(b'Server', b'nginx/1.24.0 (Ubuntu)'), (b'Date', b'Sat, 01 Feb 2025 07:34:42 GMT'), (b'Content-Type', b'application/json'), (b'Content-Length', b'26867'), (b'Connection', b'keep-alive'), (b'Vary', b'origin, Cookie'), (b'X-Frame-Options', b'DENY'), (b'Strict-Transport-Security', b'max-age=15780000'), (b'X-Content-Type-Options', b'nosniff'), (b'Referrer-Policy', b'same-origin'), (b'Cross-Origin-Opener-Policy', b'same-origin'), (b'Strict-Transport-Security', b'max-age=31536000'), (b'X-Frame-Options', b'SAMEORIGIN'), (b'X-Content-Type-Options', b'nosniff'), (b'X-XSS-Protection', b'1; mode=block')])
2025-02-01 13:04:42 [INFO] HTTP Request: GET https://wtsdealnow.com/api/users/ "HTTP/1.1 200 OK"
2025-02-01 13:04:42 [DEBUG] receive_response_body.started request=<Request [b'GET']>
2025-02-01 13:04:42 [DEBUG] receive_response_body.complete
2025-02-01 13:04:42 [DEBUG] response_closed.started
2025-02-01 13:04:42 [DEBUG] response_closed.complete
2025-02-01 13:04:42 [DEBUG] close.started
2025-02-01 13:04:42 [DEBUG] close.complete
2025-02-01 13:04:42 [ERROR] User validation failed: Failed to validate user credentials. Please check your user_id and api_token
2025-02-01 13:05:25 [DEBUG] load_ssl_context verify=True cert=None trust_env=True http2=False
2025-02-01 13:05:25 [DEBUG] load_verify_locations cafile='/var/www/fastapi_env/lib/python3.12/site-packages/certifi/cacert.pem'
2025-02-01 13:05:25 [DEBUG] connect_tcp.started host='wtsdealnow.com' port=443 local_address=None timeout=5.0 socket_options=None
2025-02-01 13:05:25 [DEBUG] connect_tcp.complete return_value=<httpcore._backends.anyio.AnyIOStream object at 0x739ea4e6e330>
2025-02-01 13:05:25 [DEBUG] start_tls.started ssl_context=<ssl.SSLContext object at 0x739ea464c650> server_hostname='wtsdealnow.com' timeout=5.0
2025-02-01 13:05:25 [DEBUG] start_tls.complete return_value=<httpcore._backends.anyio.AnyIOStream object at 0x739ea49a7da0>
2025-02-01 13:05:25 [DEBUG] send_request_headers.started request=<Request [b'GET']>
2025-02-01 13:05:25 [DEBUG] send_request_headers.complete
2025-02-01 13:05:25 [DEBUG] send_request_body.started request=<Request [b'GET']>
2025-02-01 13:05:25 [DEBUG] send_request_body.complete
2025-02-01 13:05:25 [DEBUG] receive_response_headers.started request=<Request [b'GET']>
2025-02-01 13:05:25 [DEBUG] receive_response_headers.complete return_value=(b'HTTP/1.1', 200, b'OK', [(b'Server', b'nginx/1.24.0 (Ubuntu)'), (b'Date', b'Sat, 01 Feb 2025 07:35:25 GMT'), (b'Content-Type', b'application/json'), (b'Content-Length', b'26867'), (b'Connection', b'keep-alive'), (b'Vary', b'origin, Cookie'), (b'X-Frame-Options', b'DENY'), (b'Strict-Transport-Security', b'max-age=15780000'), (b'X-Content-Type-Options', b'nosniff'), (b'Referrer-Policy', b'same-origin'), (b'Cross-Origin-Opener-Policy', b'same-origin'), (b'Strict-Transport-Security', b'max-age=31536000'), (b'X-Frame-Options', b'SAMEORIGIN'), (b'X-Content-Type-Options', b'nosniff'), (b'X-XSS-Protection', b'1; mode=block')])
2025-02-01 13:05:25 [INFO] HTTP Request: GET https://wtsdealnow.com/api/users/ "HTTP/1.1 200 OK"
2025-02-01 13:05:25 [DEBUG] receive_response_body.started request=<Request [b'GET']>
2025-02-01 13:05:25 [DEBUG] receive_response_body.complete
2025-02-01 13:05:25 [DEBUG] response_closed.started
2025-02-01 13:05:25 [DEBUG] response_closed.complete
2025-02-01 13:05:25 [DEBUG] close.started
2025-02-01 13:05:25 [DEBUG] close.complete
2025-02-01 13:05:25 [INFO] User validation successful for user_id: DemoTesting01
2025-02-01 13:05:26 [INFO] Coin validation successful. Required: 1, Available: 0
2025-02-01 13:05:26 [INFO] Processing 1 contacts for sending messages.
2025-02-01 13:05:26 [INFO] Sending batch of 1 contacts
2025-02-01 13:05:26 [INFO] media_type DOCUMENT
2025-02-01 13:05:27 [INFO] All messages processed. Total results: 1
2025-02-01 13:05:27 [INFO] notify_user function called
2025-02-01 13:05:27 [ERROR] Failed to notify user. Status: 400, Response: {"status": "error", "message": "Failed to process notification: No ReportInfo matches the given query."}
2025-02-01 13:05:27 [DEBUG] load_ssl_context verify=True cert=None trust_env=True http2=False
2025-02-01 13:05:27 [DEBUG] load_verify_locations cafile='/var/www/fastapi_env/lib/python3.12/site-packages/certifi/cacert.pem'
2025-02-01 13:05:27 [DEBUG] connect_tcp.started host='wtsdealnow.com' port=443 local_address=None timeout=5.0 socket_options=None
2025-02-01 13:05:27 [DEBUG] connect_tcp.complete return_value=<httpcore._backends.anyio.AnyIOStream object at 0x739ea46a7a10>
2025-02-01 13:05:27 [DEBUG] start_tls.started ssl_context=<ssl.SSLContext object at 0x739ea464f250> server_hostname='wtsdealnow.com' timeout=5.0
2025-02-01 13:05:27 [DEBUG] start_tls.complete return_value=<httpcore._backends.anyio.AnyIOStream object at 0x739ea46a6b40>
2025-02-01 13:05:27 [DEBUG] send_request_headers.started request=<Request [b'POST']>
2025-02-01 13:05:27 [DEBUG] send_request_headers.complete
2025-02-01 13:05:27 [DEBUG] send_request_body.started request=<Request [b'POST']>
2025-02-01 13:05:27 [DEBUG] send_request_body.complete
2025-02-01 13:05:27 [DEBUG] receive_response_headers.started request=<Request [b'POST']>
2025-02-01 13:05:27 [DEBUG] receive_response_headers.complete return_value=(b'HTTP/1.1', 200, b'OK', [(b'Server', b'nginx/1.24.0 (Ubuntu)'), (b'Date', b'Sat, 01 Feb 2025 07:35:27 GMT'), (b'Content-Type', b'application/json'), (b'Content-Length', b'28'), (b'Connection', b'keep-alive'), (b'Vary', b'Accept, origin, Cookie'), (b'Allow', b'POST, OPTIONS'), (b'X-Frame-Options', b'DENY'), (b'Strict-Transport-Security', b'max-age=15780000'), (b'X-Content-Type-Options', b'nosniff'), (b'Referrer-Policy', b'same-origin'), (b'Cross-Origin-Opener-Policy', b'same-origin'), (b'Strict-Transport-Security', b'max-age=31536000'), (b'X-Frame-Options', b'SAMEORIGIN'), (b'X-Content-Type-Options', b'nosniff'), (b'X-XSS-Protection', b'1; mode=block')])
2025-02-01 13:05:27 [INFO] HTTP Request: POST https://wtsdealnow.com/update-balance-report/ "HTTP/1.1 200 OK"
2025-02-01 13:05:27 [DEBUG] receive_response_body.started request=<Request [b'POST']>
2025-02-01 13:05:27 [DEBUG] receive_response_body.complete
2025-02-01 13:05:27 [DEBUG] response_closed.started
2025-02-01 13:05:27 [DEBUG] response_closed.complete
2025-02-01 13:05:27 [DEBUG] close.started
2025-02-01 13:05:27 [DEBUG] close.complete
2025-02-01 13:05:42 [DEBUG] load_ssl_context verify=True cert=None trust_env=True http2=False
2025-02-01 13:05:42 [DEBUG] load_verify_locations cafile='/var/www/fastapi_env/lib/python3.12/site-packages/certifi/cacert.pem'
2025-02-01 13:05:42 [DEBUG] connect_tcp.started host='wtsdealnow.com' port=443 local_address=None timeout=5.0 socket_options=None
2025-02-01 13:05:42 [DEBUG] connect_tcp.complete return_value=<httpcore._backends.anyio.AnyIOStream object at 0x739ea4680560>
2025-02-01 13:05:42 [DEBUG] start_tls.started ssl_context=<ssl.SSLContext object at 0x739ea464f5d0> server_hostname='wtsdealnow.com' timeout=5.0
2025-02-01 13:05:42 [DEBUG] start_tls.complete return_value=<httpcore._backends.anyio.AnyIOStream object at 0x739ea4683c20>
2025-02-01 13:05:42 [DEBUG] send_request_headers.started request=<Request [b'GET']>
2025-02-01 13:05:42 [DEBUG] send_request_headers.complete
2025-02-01 13:05:42 [DEBUG] send_request_body.started request=<Request [b'GET']>
2025-02-01 13:05:42 [DEBUG] send_request_body.complete
2025-02-01 13:05:42 [DEBUG] receive_response_headers.started request=<Request [b'GET']>
2025-02-01 13:05:42 [DEBUG] receive_response_headers.complete return_value=(b'HTTP/1.1', 200, b'OK', [(b'Server', b'nginx/1.24.0 (Ubuntu)'), (b'Date', b'Sat, 01 Feb 2025 07:35:42 GMT'), (b'Content-Type', b'application/json'), (b'Content-Length', b'26867'), (b'Connection', b'keep-alive'), (b'Vary', b'origin, Cookie'), (b'X-Frame-Options', b'DENY'), (b'Strict-Transport-Security', b'max-age=15780000'), (b'X-Content-Type-Options', b'nosniff'), (b'Referrer-Policy', b'same-origin'), (b'Cross-Origin-Opener-Policy', b'same-origin'), (b'Strict-Transport-Security', b'max-age=31536000'), (b'X-Frame-Options', b'SAMEORIGIN'), (b'X-Content-Type-Options', b'nosniff'), (b'X-XSS-Protection', b'1; mode=block')])
2025-02-01 13:05:42 [INFO] HTTP Request: GET https://wtsdealnow.com/api/users/ "HTTP/1.1 200 OK"
2025-02-01 13:05:42 [DEBUG] receive_response_body.started request=<Request [b'GET']>
2025-02-01 13:05:42 [DEBUG] receive_response_body.complete
2025-02-01 13:05:42 [DEBUG] response_closed.started
2025-02-01 13:05:42 [DEBUG] response_closed.complete
2025-02-01 13:05:42 [DEBUG] close.started
2025-02-01 13:05:42 [DEBUG] close.complete
2025-02-01 13:05:42 [ERROR] Exception occurred: [Errno 2] No such file or directory: 'C:\\Users\\user\\OneDrive\\Documents\\01 Rajmahal.pdf'
2025-02-01 13:05:42 [ERROR] User validation failed: Failed to generate media ID
2025-02-01 13:08:15 [DEBUG] load_ssl_context verify=True cert=None trust_env=True http2=False
2025-02-01 13:08:15 [DEBUG] load_verify_locations cafile='/var/www/fastapi_env/lib/python3.12/site-packages/certifi/cacert.pem'
2025-02-01 13:08:15 [DEBUG] connect_tcp.started host='wtsdealnow.com' port=443 local_address=None timeout=5.0 socket_options=None
2025-02-01 13:08:15 [DEBUG] connect_tcp.complete return_value=<httpcore._backends.anyio.AnyIOStream object at 0x739ea495c170>
2025-02-01 13:08:15 [DEBUG] start_tls.started ssl_context=<ssl.SSLContext object at 0x739ea463bb50> server_hostname='wtsdealnow.com' timeout=5.0
2025-02-01 13:08:15 [DEBUG] start_tls.complete return_value=<httpcore._backends.anyio.AnyIOStream object at 0x739ea4afb740>
2025-02-01 13:08:15 [DEBUG] send_request_headers.started request=<Request [b'GET']>
2025-02-01 13:08:15 [DEBUG] send_request_headers.complete
2025-02-01 13:08:15 [DEBUG] send_request_body.started request=<Request [b'GET']>
2025-02-01 13:08:15 [DEBUG] send_request_body.complete
2025-02-01 13:08:15 [DEBUG] receive_response_headers.started request=<Request [b'GET']>
2025-02-01 13:08:15 [DEBUG] receive_response_headers.complete return_value=(b'HTTP/1.1', 200, b'OK', [(b'Server', b'nginx/1.24.0 (Ubuntu)'), (b'Date', b'Sat, 01 Feb 2025 07:38:15 GMT'), (b'Content-Type', b'application/json'), (b'Content-Length', b'26867'), (b'Connection', b'keep-alive'), (b'Vary', b'origin, Cookie'), (b'X-Frame-Options', b'DENY'), (b'Strict-Transport-Security', b'max-age=15780000'), (b'X-Content-Type-Options', b'nosniff'), (b'Referrer-Policy', b'same-origin'), (b'Cross-Origin-Opener-Policy', b'same-origin'), (b'Strict-Transport-Security', b'max-age=31536000'), (b'X-Frame-Options', b'SAMEORIGIN'), (b'X-Content-Type-Options', b'nosniff'), (b'X-XSS-Protection', b'1; mode=block')])
2025-02-01 13:08:15 [INFO] HTTP Request: GET https://wtsdealnow.com/api/users/ "HTTP/1.1 200 OK"
2025-02-01 13:08:15 [DEBUG] receive_response_body.started request=<Request [b'GET']>
2025-02-01 13:08:15 [DEBUG] receive_response_body.complete
2025-02-01 13:08:15 [DEBUG] response_closed.started
2025-02-01 13:08:15 [DEBUG] response_closed.complete
2025-02-01 13:08:15 [DEBUG] close.started
2025-02-01 13:08:15 [DEBUG] close.complete
2025-02-01 13:08:15 [INFO] User validation successful for user_id: DemoTesting01
2025-02-01 13:08:16 [INFO] Coin validation successful. Required: 1, Available: 0
2025-02-01 13:08:16 [INFO] Processing 1 contacts for sending messages.
2025-02-01 13:08:16 [INFO] Sending batch of 1 contacts
2025-02-01 13:08:16 [INFO] media_type DOCUMENT
2025-02-01 13:08:17 [INFO] All messages processed. Total results: 1
2025-02-01 13:08:17 [INFO] notify_user function called
2025-02-01 13:08:17 [ERROR] Failed to notify user. Status: 400, Response: {"status": "error", "message": "Failed to process notification: No ReportInfo matches the given query."}
2025-02-01 13:08:17 [DEBUG] load_ssl_context verify=True cert=None trust_env=True http2=False
2025-02-01 13:08:17 [DEBUG] load_verify_locations cafile='/var/www/fastapi_env/lib/python3.12/site-packages/certifi/cacert.pem'
2025-02-01 13:08:17 [DEBUG] connect_tcp.started host='wtsdealnow.com' port=443 local_address=None timeout=5.0 socket_options=None
2025-02-01 13:08:17 [DEBUG] connect_tcp.complete return_value=<httpcore._backends.anyio.AnyIOStream object at 0x739ea46744a0>
2025-02-01 13:08:17 [DEBUG] start_tls.started ssl_context=<ssl.SSLContext object at 0x739ea464ed50> server_hostname='wtsdealnow.com' timeout=5.0
2025-02-01 13:08:17 [DEBUG] start_tls.complete return_value=<httpcore._backends.anyio.AnyIOStream object at 0x739ea46afbc0>
2025-02-01 13:08:17 [DEBUG] send_request_headers.started request=<Request [b'POST']>
2025-02-01 13:08:17 [DEBUG] send_request_headers.complete
2025-02-01 13:08:17 [DEBUG] send_request_body.started request=<Request [b'POST']>
2025-02-01 13:08:17 [DEBUG] send_request_body.complete
2025-02-01 13:08:17 [DEBUG] receive_response_headers.started request=<Request [b'POST']>
2025-02-01 13:08:17 [DEBUG] receive_response_headers.complete return_value=(b'HTTP/1.1', 200, b'OK', [(b'Server', b'nginx/1.24.0 (Ubuntu)'), (b'Date', b'Sat, 01 Feb 2025 07:38:17 GMT'), (b'Content-Type', b'application/json'), (b'Content-Length', b'28'), (b'Connection', b'keep-alive'), (b'Vary', b'Accept, origin, Cookie'), (b'Allow', b'POST, OPTIONS'), (b'X-Frame-Options', b'DENY'), (b'Strict-Transport-Security', b'max-age=15780000'), (b'X-Content-Type-Options', b'nosniff'), (b'Referrer-Policy', b'same-origin'), (b'Cross-Origin-Opener-Policy', b'same-origin'), (b'Strict-Transport-Security', b'max-age=31536000'), (b'X-Frame-Options', b'SAMEORIGIN'), (b'X-Content-Type-Options', b'nosniff'), (b'X-XSS-Protection', b'1; mode=block')])
2025-02-01 13:08:17 [INFO] HTTP Request: POST https://wtsdealnow.com/update-balance-report/ "HTTP/1.1 200 OK"
2025-02-01 13:08:17 [DEBUG] receive_response_body.started request=<Request [b'POST']>
2025-02-01 13:08:17 [DEBUG] receive_response_body.complete
2025-02-01 13:08:17 [DEBUG] response_closed.started
2025-02-01 13:08:17 [DEBUG] response_closed.complete
2025-02-01 13:08:17 [DEBUG] close.started
2025-02-01 13:08:17 [DEBUG] close.complete
2025-02-01 13:13:00 [DEBUG] load_ssl_context verify=True cert=None trust_env=True http2=False
2025-02-01 13:13:00 [DEBUG] load_verify_locations cafile='/var/www/fastapi_env/lib/python3.12/site-packages/certifi/cacert.pem'
2025-02-01 13:13:00 [DEBUG] connect_tcp.started host='wtsdealnow.com' port=443 local_address=None timeout=5.0 socket_options=None
2025-02-01 13:13:00 [DEBUG] connect_tcp.complete return_value=<httpcore._backends.anyio.AnyIOStream object at 0x739ea46aad20>
2025-02-01 13:13:00 [DEBUG] start_tls.started ssl_context=<ssl.SSLContext object at 0x739ea4670e50> server_hostname='wtsdealnow.com' timeout=5.0
2025-02-01 13:13:00 [DEBUG] start_tls.complete return_value=<httpcore._backends.anyio.AnyIOStream object at 0x739ea467d2e0>
2025-02-01 13:13:00 [DEBUG] send_request_headers.started request=<Request [b'GET']>
2025-02-01 13:13:00 [DEBUG] send_request_headers.complete
2025-02-01 13:13:00 [DEBUG] send_request_body.started request=<Request [b'GET']>
2025-02-01 13:13:00 [DEBUG] send_request_body.complete
2025-02-01 13:13:00 [DEBUG] receive_response_headers.started request=<Request [b'GET']>
2025-02-01 13:13:00 [DEBUG] receive_response_headers.complete return_value=(b'HTTP/1.1', 200, b'OK', [(b'Server', b'nginx/1.24.0 (Ubuntu)'), (b'Date', b'Sat, 01 Feb 2025 07:43:00 GMT'), (b'Content-Type', b'application/json'), (b'Content-Length', b'26867'), (b'Connection', b'keep-alive'), (b'Vary', b'origin, Cookie'), (b'X-Frame-Options', b'DENY'), (b'Strict-Transport-Security', b'max-age=15780000'), (b'X-Content-Type-Options', b'nosniff'), (b'Referrer-Policy', b'same-origin'), (b'Cross-Origin-Opener-Policy', b'same-origin'), (b'Strict-Transport-Security', b'max-age=31536000'), (b'X-Frame-Options', b'SAMEORIGIN'), (b'X-Content-Type-Options', b'nosniff'), (b'X-XSS-Protection', b'1; mode=block')])
2025-02-01 13:13:00 [INFO] HTTP Request: GET https://wtsdealnow.com/api/users/ "HTTP/1.1 200 OK"
2025-02-01 13:13:00 [DEBUG] receive_response_body.started request=<Request [b'GET']>
2025-02-01 13:13:00 [DEBUG] receive_response_body.complete
2025-02-01 13:13:00 [DEBUG] response_closed.started
2025-02-01 13:13:00 [DEBUG] response_closed.complete
2025-02-01 13:13:00 [DEBUG] close.started
2025-02-01 13:13:00 [DEBUG] close.complete
2025-02-01 13:13:00 [INFO] User validation successful for user_id: DemoTesting01
2025-02-01 13:13:00 [INFO] Coin validation successful. Required: 1, Available: 0
2025-02-01 13:13:00 [INFO] Processing 1 contacts for sending messages.
2025-02-01 13:13:00 [INFO] Sending batch of 1 contacts
2025-02-01 13:13:00 [INFO] media_type DOCUMENT
2025-02-01 13:13:01 [INFO] All messages processed. Total results: 1
2025-02-01 13:13:01 [INFO] notify_user function called
2025-02-01 13:13:01 [ERROR] Failed to notify user. Status: 400, Response: {"status": "error", "message": "Failed to process notification: No ReportInfo matches the given query."}
2025-02-01 13:13:01 [DEBUG] load_ssl_context verify=True cert=None trust_env=True http2=False
2025-02-01 13:13:01 [DEBUG] load_verify_locations cafile='/var/www/fastapi_env/lib/python3.12/site-packages/certifi/cacert.pem'
2025-02-01 13:13:01 [DEBUG] connect_tcp.started host='wtsdealnow.com' port=443 local_address=None timeout=5.0 socket_options=None
2025-02-01 13:13:01 [DEBUG] connect_tcp.complete return_value=<httpcore._backends.anyio.AnyIOStream object at 0x739ea48741a0>
2025-02-01 13:13:01 [DEBUG] start_tls.started ssl_context=<ssl.SSLContext object at 0x739ea4671750> server_hostname='wtsdealnow.com' timeout=5.0
2025-02-01 13:13:01 [DEBUG] start_tls.complete return_value=<httpcore._backends.anyio.AnyIOStream object at 0x739ea4980bc0>
2025-02-01 13:13:01 [DEBUG] send_request_headers.started request=<Request [b'POST']>
2025-02-01 13:13:01 [DEBUG] send_request_headers.complete
2025-02-01 13:13:01 [DEBUG] send_request_body.started request=<Request [b'POST']>
2025-02-01 13:13:01 [DEBUG] send_request_body.complete
2025-02-01 13:13:01 [DEBUG] receive_response_headers.started request=<Request [b'POST']>
2025-02-01 13:13:01 [DEBUG] receive_response_headers.complete return_value=(b'HTTP/1.1', 200, b'OK', [(b'Server', b'nginx/1.24.0 (Ubuntu)'), (b'Date', b'Sat, 01 Feb 2025 07:43:01 GMT'), (b'Content-Type', b'application/json'), (b'Content-Length', b'28'), (b'Connection', b'keep-alive'), (b'Vary', b'Accept, origin, Cookie'), (b'Allow', b'POST, OPTIONS'), (b'X-Frame-Options', b'DENY'), (b'Strict-Transport-Security', b'max-age=15780000'), (b'X-Content-Type-Options', b'nosniff'), (b'Referrer-Policy', b'same-origin'), (b'Cross-Origin-Opener-Policy', b'same-origin'), (b'Strict-Transport-Security', b'max-age=31536000'), (b'X-Frame-Options', b'SAMEORIGIN'), (b'X-Content-Type-Options', b'nosniff'), (b'X-XSS-Protection', b'1; mode=block')])
2025-02-01 13:13:01 [INFO] HTTP Request: POST https://wtsdealnow.com/update-balance-report/ "HTTP/1.1 200 OK"
2025-02-01 13:13:01 [DEBUG] receive_response_body.started request=<Request [b'POST']>
2025-02-01 13:13:01 [DEBUG] receive_response_body.complete
2025-02-01 13:13:01 [DEBUG] response_closed.started
2025-02-01 13:13:01 [DEBUG] response_closed.complete
2025-02-01 13:13:01 [DEBUG] close.started
2025-02-01 13:13:01 [DEBUG] close.complete
2025-02-01 13:15:15 [DEBUG] Using selector: EpollSelector
2025-02-01 13:15:15 [DEBUG] Using selector: EpollSelector
2025-02-01 13:15:15 [DEBUG] Using selector: EpollSelector
2025-02-01 13:15:20 [INFO] Root endpoint accessed.
2025-02-01 13:19:00 [DEBUG] Calling on_part_begin with no data
2025-02-01 13:19:00 [DEBUG] Calling on_header_field with data[36:55]
2025-02-01 13:19:00 [DEBUG] Calling on_header_value with data[57:82]
2025-02-01 13:19:00 [DEBUG] Calling on_header_end with no data
2025-02-01 13:19:00 [DEBUG] Calling on_headers_finished with no data
2025-02-01 13:19:00 [DEBUG] Calling on_part_data with data[86:99]
2025-02-01 13:19:00 [DEBUG] Calling on_part_end with no data
2025-02-01 13:19:00 [DEBUG] Calling on_part_begin with no data
2025-02-01 13:19:00 [DEBUG] Calling on_header_field with data[137:156]
2025-02-01 13:19:00 [DEBUG] Calling on_header_value with data[158:185]
2025-02-01 13:19:00 [DEBUG] Calling on_header_end with no data
2025-02-01 13:19:00 [DEBUG] Calling on_headers_finished with no data
2025-02-01 13:19:00 [DEBUG] Calling on_part_data with data[189:389]
2025-02-01 13:19:00 [DEBUG] Calling on_part_end with no data
2025-02-01 13:19:00 [DEBUG] Calling on_part_begin with no data
2025-02-01 13:19:00 [DEBUG] Calling on_header_field with data[427:446]
2025-02-01 13:19:00 [DEBUG] Calling on_header_value with data[448:498]
2025-02-01 13:19:00 [DEBUG] Calling on_header_end with no data
2025-02-01 13:19:00 [DEBUG] Calling on_headers_finished with no data
2025-02-01 13:19:00 [DEBUG] Calling on_part_data with data[502:261810]
2025-02-01 13:19:00 [DEBUG] Calling on_part_data with data[0:334]
2025-02-01 13:19:00 [DEBUG] Calling on_part_data with data[0:262144]
2025-02-01 13:19:00 [DEBUG] Calling on_part_data with data[0:169222]
2025-02-01 13:19:00 [DEBUG] Calling on_part_end with no data
2025-02-01 13:19:00 [DEBUG] Calling on_end with no data
2025-02-01 13:19:00 [ERROR] Unexpected error: 'NoneType' object has no attribute 'user_id'
2025-02-01 13:19:22 [INFO] Root endpoint accessed.
2025-02-01 13:21:41 [INFO] Processing 1 contacts for sending messages.
2025-02-01 13:21:41 [INFO] Sending batch of 1 contacts
2025-02-01 13:21:41 [INFO] media_type VIDEO
2025-02-01 13:21:43 [INFO] All messages processed. Total results: 1
2025-02-01 13:21:43 [INFO] notify_user function called
2025-02-01 13:21:43 [INFO] Successfully notified user via webhook.
2025-02-01 13:24:01 [INFO] Processing 10 contacts for sending messages.
2025-02-01 13:24:01 [INFO] Sending batch of 10 contacts
2025-02-01 13:24:01 [INFO] media_type IMAGE
2025-02-01 13:24:02 [INFO] All messages processed. Total results: 10
2025-02-01 13:24:02 [INFO] notify_user function called
2025-02-01 13:24:02 [INFO] Successfully notified user via webhook.
2025-02-01 13:28:54 [INFO] request token='EAAQdyle4CxgBOZCsw8Trl3ZBRjVphx3IE2EbFqVZAZA85kerU4qZA4B2qcTPMWy0kPqB4ZAjq8CZCBkP6ZBOpS219UIcGM7q3sfJbZAjlr9D7QE1tuPlaicH0kKKxwmFRHZANtZAaewvZCgJ2SshxMZAFOZAnRKtQwIy89fZAbAbwoXsUmZA6ok2Q1zzyC6Mieg24dVRCU5ZAngZDZD' phone_number_id='575436692308716' contact_list=['919909582391'] message_type='text' header=None body='hello sir kindly share policy document to generate discounts on quotation' footer=None button_data=None product_data=None catalog_id=None sections=None latitude=None longitude=None media_id=None
2025-02-01 13:28:54 [INFO] Processing 1 contacts for sending messages.
2025-02-01 13:28:54 [INFO] Sending batch of 1 contacts
2025-02-01 13:28:54 [INFO] All messages processed.
2025-02-01 13:29:11 [INFO] request token='EAAQdyle4CxgBOZCsw8Trl3ZBRjVphx3IE2EbFqVZAZA85kerU4qZA4B2qcTPMWy0kPqB4ZAjq8CZCBkP6ZBOpS219UIcGM7q3sfJbZAjlr9D7QE1tuPlaicH0kKKxwmFRHZANtZAaewvZCgJ2SshxMZAFOZAnRKtQwIy89fZAbAbwoXsUmZA6ok2Q1zzyC6Mieg24dVRCU5ZAngZDZD' phone_number_id='575436692308716' contact_list=['919825182097'] message_type='text' header=None body='is you policy renewed??' footer=None button_data=None product_data=None catalog_id=None sections=None latitude=None longitude=None media_id=None
2025-02-01 13:29:11 [INFO] Processing 1 contacts for sending messages.
2025-02-01 13:29:11 [INFO] Sending batch of 1 contacts
2025-02-01 13:29:12 [INFO] All messages processed.
2025-02-01 13:30:20 [DEBUG] load_ssl_context verify=True cert=None trust_env=True http2=False
2025-02-01 13:30:20 [DEBUG] load_verify_locations cafile='/var/www/fastapi_env/lib/python3.12/site-packages/certifi/cacert.pem'
2025-02-01 13:30:20 [DEBUG] connect_tcp.started host='wtsdealnow.com' port=443 local_address=None timeout=5.0 socket_options=None
2025-02-01 13:30:20 [DEBUG] connect_tcp.complete return_value=<httpcore._backends.anyio.AnyIOStream object at 0x7c2f1d9fb080>
2025-02-01 13:30:20 [DEBUG] start_tls.started ssl_context=<ssl.SSLContext object at 0x7c2f1dc72850> server_hostname='wtsdealnow.com' timeout=5.0
2025-02-01 13:30:20 [DEBUG] start_tls.complete return_value=<httpcore._backends.anyio.AnyIOStream object at 0x7c2f1d9c6f60>
2025-02-01 13:30:20 [DEBUG] send_request_headers.started request=<Request [b'GET']>
2025-02-01 13:30:20 [DEBUG] send_request_headers.complete
2025-02-01 13:30:20 [DEBUG] send_request_body.started request=<Request [b'GET']>
2025-02-01 13:30:20 [DEBUG] send_request_body.complete
2025-02-01 13:30:20 [DEBUG] receive_response_headers.started request=<Request [b'GET']>
2025-02-01 13:30:20 [DEBUG] receive_response_headers.complete return_value=(b'HTTP/1.1', 200, b'OK', [(b'Server', b'nginx/1.24.0 (Ubuntu)'), (b'Date', b'Sat, 01 Feb 2025 08:00:20 GMT'), (b'Content-Type', b'application/json'), (b'Content-Length', b'26867'), (b'Connection', b'keep-alive'), (b'Vary', b'origin, Cookie'), (b'X-Frame-Options', b'DENY'), (b'Strict-Transport-Security', b'max-age=15780000'), (b'X-Content-Type-Options', b'nosniff'), (b'Referrer-Policy', b'same-origin'), (b'Cross-Origin-Opener-Policy', b'same-origin'), (b'Strict-Transport-Security', b'max-age=31536000'), (b'X-Frame-Options', b'SAMEORIGIN'), (b'X-Content-Type-Options', b'nosniff'), (b'X-XSS-Protection', b'1; mode=block')])
2025-02-01 13:30:20 [INFO] HTTP Request: GET https://wtsdealnow.com/api/users/ "HTTP/1.1 200 OK"
2025-02-01 13:30:20 [DEBUG] receive_response_body.started request=<Request [b'GET']>
2025-02-01 13:30:20 [DEBUG] receive_response_body.complete
2025-02-01 13:30:20 [DEBUG] response_closed.started
2025-02-01 13:30:20 [DEBUG] response_closed.complete
2025-02-01 13:30:20 [DEBUG] close.started
2025-02-01 13:30:20 [DEBUG] close.complete
2025-02-01 13:30:20 [INFO] User validation successful for user_id: DemoTesting01
2025-02-01 13:30:20 [INFO] Coin validation successful. Required: 1, Available: 0
2025-02-01 13:30:20 [INFO] Processing 1 contacts for sending messages.
2025-02-01 13:30:20 [INFO] Sending batch of 1 contacts
2025-02-01 13:30:20 [INFO] media_type OTP
2025-02-01 13:30:21 [INFO] All messages processed. Total results: 1
2025-02-01 13:30:21 [INFO] notify_user function called
2025-02-01 13:30:21 [ERROR] Failed to notify user. Status: 400, Response: {"status": "error", "message": "Failed to process notification: No ReportInfo matches the given query."}
2025-02-01 13:30:21 [DEBUG] load_ssl_context verify=True cert=None trust_env=True http2=False
2025-02-01 13:30:21 [DEBUG] load_verify_locations cafile='/var/www/fastapi_env/lib/python3.12/site-packages/certifi/cacert.pem'
2025-02-01 13:30:21 [DEBUG] connect_tcp.started host='wtsdealnow.com' port=443 local_address=None timeout=5.0 socket_options=None
2025-02-01 13:30:21 [DEBUG] connect_tcp.complete return_value=<httpcore._backends.anyio.AnyIOStream object at 0x7c2f1d9c70b0>
2025-02-01 13:30:21 [DEBUG] start_tls.started ssl_context=<ssl.SSLContext object at 0x7c2f1d9eb250> server_hostname='wtsdealnow.com' timeout=5.0
2025-02-01 13:30:21 [DEBUG] start_tls.complete return_value=<httpcore._backends.anyio.AnyIOStream object at 0x7c2f1da62ba0>
2025-02-01 13:30:21 [DEBUG] send_request_headers.started request=<Request [b'POST']>
2025-02-01 13:30:21 [DEBUG] send_request_headers.complete
2025-02-01 13:30:21 [DEBUG] send_request_body.started request=<Request [b'POST']>
2025-02-01 13:30:21 [DEBUG] send_request_body.complete
2025-02-01 13:30:21 [DEBUG] receive_response_headers.started request=<Request [b'POST']>
2025-02-01 13:30:21 [DEBUG] receive_response_headers.complete return_value=(b'HTTP/1.1', 200, b'OK', [(b'Server', b'nginx/1.24.0 (Ubuntu)'), (b'Date', b'Sat, 01 Feb 2025 08:00:21 GMT'), (b'Content-Type', b'application/json'), (b'Content-Length', b'28'), (b'Connection', b'keep-alive'), (b'Vary', b'Accept, origin, Cookie'), (b'Allow', b'POST, OPTIONS'), (b'X-Frame-Options', b'DENY'), (b'Strict-Transport-Security', b'max-age=15780000'), (b'X-Content-Type-Options', b'nosniff'), (b'Referrer-Policy', b'same-origin'), (b'Cross-Origin-Opener-Policy', b'same-origin'), (b'Strict-Transport-Security', b'max-age=31536000'), (b'X-Frame-Options', b'SAMEORIGIN'), (b'X-Content-Type-Options', b'nosniff'), (b'X-XSS-Protection', b'1; mode=block')])
2025-02-01 13:30:21 [INFO] HTTP Request: POST https://wtsdealnow.com/update-balance-report/ "HTTP/1.1 200 OK"
2025-02-01 13:30:21 [DEBUG] receive_response_body.started request=<Request [b'POST']>
2025-02-01 13:30:21 [DEBUG] receive_response_body.complete
2025-02-01 13:30:21 [DEBUG] response_closed.started
2025-02-01 13:30:21 [DEBUG] response_closed.complete
2025-02-01 13:30:21 [DEBUG] close.started
2025-02-01 13:30:21 [DEBUG] close.complete
2025-02-01 13:42:45 [DEBUG] load_ssl_context verify=True cert=None trust_env=True http2=False
2025-02-01 13:42:45 [DEBUG] load_verify_locations cafile='/var/www/fastapi_env/lib/python3.12/site-packages/certifi/cacert.pem'
2025-02-01 13:42:45 [DEBUG] connect_tcp.started host='wtsdealnow.com' port=443 local_address=None timeout=5.0 socket_options=None
2025-02-01 13:42:45 [DEBUG] connect_tcp.complete return_value=<httpcore._backends.anyio.AnyIOStream object at 0x7c2f1d9a4650>
2025-02-01 13:42:45 [DEBUG] start_tls.started ssl_context=<ssl.SSLContext object at 0x7c2f1d9b5950> server_hostname='wtsdealnow.com' timeout=5.0
2025-02-01 13:42:45 [DEBUG] start_tls.complete return_value=<httpcore._backends.anyio.AnyIOStream object at 0x7c2f1d9def60>
2025-02-01 13:42:45 [DEBUG] send_request_headers.started request=<Request [b'GET']>
2025-02-01 13:42:45 [DEBUG] send_request_headers.complete
2025-02-01 13:42:45 [DEBUG] send_request_body.started request=<Request [b'GET']>
2025-02-01 13:42:45 [DEBUG] send_request_body.complete
2025-02-01 13:42:45 [DEBUG] receive_response_headers.started request=<Request [b'GET']>
2025-02-01 13:42:45 [DEBUG] receive_response_headers.complete return_value=(b'HTTP/1.1', 200, b'OK', [(b'Server', b'nginx/1.24.0 (Ubuntu)'), (b'Date', b'Sat, 01 Feb 2025 08:12:45 GMT'), (b'Content-Type', b'application/json'), (b'Content-Length', b'26867'), (b'Connection', b'keep-alive'), (b'Vary', b'origin, Cookie'), (b'X-Frame-Options', b'DENY'), (b'Strict-Transport-Security', b'max-age=15780000'), (b'X-Content-Type-Options', b'nosniff'), (b'Referrer-Policy', b'same-origin'), (b'Cross-Origin-Opener-Policy', b'same-origin'), (b'Strict-Transport-Security', b'max-age=31536000'), (b'X-Frame-Options', b'SAMEORIGIN'), (b'X-Content-Type-Options', b'nosniff'), (b'X-XSS-Protection', b'1; mode=block')])
2025-02-01 13:42:45 [INFO] HTTP Request: GET https://wtsdealnow.com/api/users/ "HTTP/1.1 200 OK"
2025-02-01 13:42:45 [DEBUG] receive_response_body.started request=<Request [b'GET']>
2025-02-01 13:42:45 [DEBUG] receive_response_body.complete
2025-02-01 13:42:45 [DEBUG] response_closed.started
2025-02-01 13:42:45 [DEBUG] response_closed.complete
2025-02-01 13:42:45 [DEBUG] close.started
2025-02-01 13:42:45 [DEBUG] close.complete
2025-02-01 13:42:45 [INFO] User validation successful for user_id: DemoTesting01
2025-02-01 13:42:45 [INFO] Coin validation successful. Required: 1, Available: 0
2025-02-01 13:42:45 [INFO] Processing 1 contacts for sending messages.
2025-02-01 13:42:45 [INFO] Sending batch of 1 contacts
2025-02-01 13:42:45 [INFO] media_type OTP
2025-02-01 13:42:46 [INFO] All messages processed. Total results: 1
2025-02-01 13:42:46 [INFO] notify_user function called
2025-02-01 13:42:46 [ERROR] Failed to notify user. Status: 400, Response: {"status": "error", "message": "Failed to process notification: No ReportInfo matches the given query."}
2025-02-01 13:42:46 [DEBUG] load_ssl_context verify=True cert=None trust_env=True http2=False
2025-02-01 13:42:46 [DEBUG] load_verify_locations cafile='/var/www/fastapi_env/lib/python3.12/site-packages/certifi/cacert.pem'
2025-02-01 13:42:46 [DEBUG] connect_tcp.started host='wtsdealnow.com' port=443 local_address=None timeout=5.0 socket_options=None
2025-02-01 13:42:46 [DEBUG] connect_tcp.complete return_value=<httpcore._backends.anyio.AnyIOStream object at 0x7c2f1d9df4a0>
2025-02-01 13:42:46 [DEBUG] start_tls.started ssl_context=<ssl.SSLContext object at 0x7c2f1da6c0d0> server_hostname='wtsdealnow.com' timeout=5.0
2025-02-01 13:42:46 [DEBUG] start_tls.complete return_value=<httpcore._backends.anyio.AnyIOStream object at 0x7c2f1f67b710>
2025-02-01 13:42:46 [DEBUG] send_request_headers.started request=<Request [b'POST']>
2025-02-01 13:42:46 [DEBUG] send_request_headers.complete
2025-02-01 13:42:46 [DEBUG] send_request_body.started request=<Request [b'POST']>
2025-02-01 13:42:46 [DEBUG] send_request_body.complete
2025-02-01 13:42:46 [DEBUG] receive_response_headers.started request=<Request [b'POST']>
2025-02-01 13:42:46 [DEBUG] receive_response_headers.complete return_value=(b'HTTP/1.1', 200, b'OK', [(b'Server', b'nginx/1.24.0 (Ubuntu)'), (b'Date', b'Sat, 01 Feb 2025 08:12:46 GMT'), (b'Content-Type', b'application/json'), (b'Content-Length', b'28'), (b'Connection', b'keep-alive'), (b'Vary', b'Accept, origin, Cookie'), (b'Allow', b'POST, OPTIONS'), (b'X-Frame-Options', b'DENY'), (b'Strict-Transport-Security', b'max-age=15780000'), (b'X-Content-Type-Options', b'nosniff'), (b'Referrer-Policy', b'same-origin'), (b'Cross-Origin-Opener-Policy', b'same-origin'), (b'Strict-Transport-Security', b'max-age=31536000'), (b'X-Frame-Options', b'SAMEORIGIN'), (b'X-Content-Type-Options', b'nosniff'), (b'X-XSS-Protection', b'1; mode=block')])
2025-02-01 13:42:46 [INFO] HTTP Request: POST https://wtsdealnow.com/update-balance-report/ "HTTP/1.1 200 OK"
2025-02-01 13:42:46 [DEBUG] receive_response_body.started request=<Request [b'POST']>
2025-02-01 13:42:46 [DEBUG] receive_response_body.complete
2025-02-01 13:42:46 [DEBUG] response_closed.started
2025-02-01 13:42:46 [DEBUG] response_closed.complete
2025-02-01 13:42:46 [DEBUG] close.started
2025-02-01 13:42:46 [DEBUG] close.complete
2025-02-01 13:43:56 [DEBUG] load_ssl_context verify=True cert=None trust_env=True http2=False
2025-02-01 13:43:56 [DEBUG] load_verify_locations cafile='/var/www/fastapi_env/lib/python3.12/site-packages/certifi/cacert.pem'
2025-02-01 13:43:56 [DEBUG] connect_tcp.started host='wtsdealnow.com' port=443 local_address=None timeout=5.0 socket_options=None
2025-02-01 13:43:56 [DEBUG] connect_tcp.complete return_value=<httpcore._backends.anyio.AnyIOStream object at 0x7c2f1da62930>
2025-02-01 13:43:56 [DEBUG] start_tls.started ssl_context=<ssl.SSLContext object at 0x7c2f1d9eaf50> server_hostname='wtsdealnow.com' timeout=5.0
2025-02-01 13:43:56 [DEBUG] start_tls.complete return_value=<httpcore._backends.anyio.AnyIOStream object at 0x7c2f1d9fb200>
2025-02-01 13:43:56 [DEBUG] send_request_headers.started request=<Request [b'GET']>
2025-02-01 13:43:56 [DEBUG] send_request_headers.complete
2025-02-01 13:43:56 [DEBUG] send_request_body.started request=<Request [b'GET']>
2025-02-01 13:43:56 [DEBUG] send_request_body.complete
2025-02-01 13:43:56 [DEBUG] receive_response_headers.started request=<Request [b'GET']>
2025-02-01 13:43:56 [DEBUG] receive_response_headers.complete return_value=(b'HTTP/1.1', 200, b'OK', [(b'Server', b'nginx/1.24.0 (Ubuntu)'), (b'Date', b'Sat, 01 Feb 2025 08:13:56 GMT'), (b'Content-Type', b'application/json'), (b'Content-Length', b'26867'), (b'Connection', b'keep-alive'), (b'Vary', b'origin, Cookie'), (b'X-Frame-Options', b'DENY'), (b'Strict-Transport-Security', b'max-age=15780000'), (b'X-Content-Type-Options', b'nosniff'), (b'Referrer-Policy', b'same-origin'), (b'Cross-Origin-Opener-Policy', b'same-origin'), (b'Strict-Transport-Security', b'max-age=31536000'), (b'X-Frame-Options', b'SAMEORIGIN'), (b'X-Content-Type-Options', b'nosniff'), (b'X-XSS-Protection', b'1; mode=block')])
2025-02-01 13:43:56 [INFO] HTTP Request: GET https://wtsdealnow.com/api/users/ "HTTP/1.1 200 OK"
2025-02-01 13:43:56 [DEBUG] receive_response_body.started request=<Request [b'GET']>
2025-02-01 13:43:56 [DEBUG] receive_response_body.complete
2025-02-01 13:43:56 [DEBUG] response_closed.started
2025-02-01 13:43:56 [DEBUG] response_closed.complete
2025-02-01 13:43:56 [DEBUG] close.started
2025-02-01 13:43:56 [DEBUG] close.complete
2025-02-01 13:43:56 [INFO] User validation successful for user_id: DemoTesting01
2025-02-01 13:43:56 [INFO] Coin validation successful. Required: 1, Available: 0
2025-02-01 13:43:56 [INFO] Processing 1 contacts for sending messages.
2025-02-01 13:43:56 [INFO] Sending batch of 1 contacts
2025-02-01 13:43:56 [INFO] media_type OTP
2025-02-01 13:43:57 [INFO] All messages processed. Total results: 1
2025-02-01 13:43:57 [INFO] notify_user function called
2025-02-01 13:43:57 [ERROR] Failed to notify user. Status: 400, Response: {"status": "error", "message": "Failed to process notification: No ReportInfo matches the given query."}
2025-02-01 13:43:57 [DEBUG] load_ssl_context verify=True cert=None trust_env=True http2=False
2025-02-01 13:43:57 [DEBUG] load_verify_locations cafile='/var/www/fastapi_env/lib/python3.12/site-packages/certifi/cacert.pem'
2025-02-01 13:43:57 [DEBUG] connect_tcp.started host='wtsdealnow.com' port=443 local_address=None timeout=5.0 socket_options=None
2025-02-01 13:43:57 [DEBUG] connect_tcp.complete return_value=<httpcore._backends.anyio.AnyIOStream object at 0x7c2f1dbcdd00>
2025-02-01 13:43:57 [DEBUG] start_tls.started ssl_context=<ssl.SSLContext object at 0x7c2f1d88c7d0> server_hostname='wtsdealnow.com' timeout=5.0
2025-02-01 13:43:57 [DEBUG] start_tls.complete return_value=<httpcore._backends.anyio.AnyIOStream object at 0x7c2f1f67b6e0>
2025-02-01 13:43:57 [DEBUG] send_request_headers.started request=<Request [b'POST']>
2025-02-01 13:43:57 [DEBUG] send_request_headers.complete
2025-02-01 13:43:57 [DEBUG] send_request_body.started request=<Request [b'POST']>
2025-02-01 13:43:57 [DEBUG] send_request_body.complete
2025-02-01 13:43:57 [DEBUG] receive_response_headers.started request=<Request [b'POST']>
2025-02-01 13:43:57 [DEBUG] receive_response_headers.complete return_value=(b'HTTP/1.1', 200, b'OK', [(b'Server', b'nginx/1.24.0 (Ubuntu)'), (b'Date', b'Sat, 01 Feb 2025 08:13:57 GMT'), (b'Content-Type', b'application/json'), (b'Content-Length', b'28'), (b'Connection', b'keep-alive'), (b'Vary', b'Accept, origin, Cookie'), (b'Allow', b'POST, OPTIONS'), (b'X-Frame-Options', b'DENY'), (b'Strict-Transport-Security', b'max-age=15780000'), (b'X-Content-Type-Options', b'nosniff'), (b'Referrer-Policy', b'same-origin'), (b'Cross-Origin-Opener-Policy', b'same-origin'), (b'Strict-Transport-Security', b'max-age=31536000'), (b'X-Frame-Options', b'SAMEORIGIN'), (b'X-Content-Type-Options', b'nosniff'), (b'X-XSS-Protection', b'1; mode=block')])
2025-02-01 13:43:57 [INFO] HTTP Request: POST https://wtsdealnow.com/update-balance-report/ "HTTP/1.1 200 OK"
2025-02-01 13:43:57 [DEBUG] receive_response_body.started request=<Request [b'POST']>
2025-02-01 13:43:57 [DEBUG] receive_response_body.complete
2025-02-01 13:43:57 [DEBUG] response_closed.started
2025-02-01 13:43:57 [DEBUG] response_closed.complete
2025-02-01 13:43:57 [DEBUG] close.started
2025-02-01 13:43:57 [DEBUG] close.complete
2025-02-01 13:44:20 [DEBUG] load_ssl_context verify=True cert=None trust_env=True http2=False
2025-02-01 13:44:20 [DEBUG] load_verify_locations cafile='/var/www/fastapi_env/lib/python3.12/site-packages/certifi/cacert.pem'
2025-02-01 13:44:20 [DEBUG] connect_tcp.started host='wtsdealnow.com' port=443 local_address=None timeout=5.0 socket_options=None
2025-02-01 13:44:20 [DEBUG] connect_tcp.complete return_value=<httpcore._backends.anyio.AnyIOStream object at 0x7c2f1eb529f0>
2025-02-01 13:44:20 [DEBUG] start_tls.started ssl_context=<ssl.SSLContext object at 0x7c2f1da5c450> server_hostname='wtsdealnow.com' timeout=5.0
2025-02-01 13:44:20 [DEBUG] start_tls.complete return_value=<httpcore._backends.anyio.AnyIOStream object at 0x7c2f1da6e3c0>
2025-02-01 13:44:20 [DEBUG] send_request_headers.started request=<Request [b'GET']>
2025-02-01 13:44:20 [DEBUG] send_request_headers.complete
2025-02-01 13:44:20 [DEBUG] send_request_body.started request=<Request [b'GET']>
2025-02-01 13:44:20 [DEBUG] send_request_body.complete
2025-02-01 13:44:20 [DEBUG] receive_response_headers.started request=<Request [b'GET']>
2025-02-01 13:44:20 [DEBUG] receive_response_headers.complete return_value=(b'HTTP/1.1', 200, b'OK', [(b'Server', b'nginx/1.24.0 (Ubuntu)'), (b'Date', b'Sat, 01 Feb 2025 08:14:20 GMT'), (b'Content-Type', b'application/json'), (b'Content-Length', b'26867'), (b'Connection', b'keep-alive'), (b'Vary', b'origin, Cookie'), (b'X-Frame-Options', b'DENY'), (b'Strict-Transport-Security', b'max-age=15780000'), (b'X-Content-Type-Options', b'nosniff'), (b'Referrer-Policy', b'same-origin'), (b'Cross-Origin-Opener-Policy', b'same-origin'), (b'Strict-Transport-Security', b'max-age=31536000'), (b'X-Frame-Options', b'SAMEORIGIN'), (b'X-Content-Type-Options', b'nosniff'), (b'X-XSS-Protection', b'1; mode=block')])
2025-02-01 13:44:20 [INFO] HTTP Request: GET https://wtsdealnow.com/api/users/ "HTTP/1.1 200 OK"
2025-02-01 13:44:20 [DEBUG] receive_response_body.started request=<Request [b'GET']>
2025-02-01 13:44:20 [DEBUG] receive_response_body.complete
2025-02-01 13:44:20 [DEBUG] response_closed.started
2025-02-01 13:44:20 [DEBUG] response_closed.complete
2025-02-01 13:44:20 [DEBUG] close.started
2025-02-01 13:44:20 [DEBUG] close.complete
2025-02-01 13:44:20 [INFO] User validation successful for user_id: DemoTesting01
2025-02-01 13:44:20 [INFO] Coin validation successful. Required: 1, Available: 0
2025-02-01 13:44:20 [INFO] Processing 1 contacts for sending messages.
2025-02-01 13:44:20 [INFO] Sending batch of 1 contacts
2025-02-01 13:44:20 [INFO] media_type OTP
2025-02-01 13:44:21 [INFO] All messages processed. Total results: 1
2025-02-01 13:44:21 [INFO] notify_user function called
2025-02-01 13:44:21 [ERROR] Failed to notify user. Status: 400, Response: {"status": "error", "message": "Failed to process notification: No ReportInfo matches the given query."}
2025-02-01 13:44:21 [DEBUG] load_ssl_context verify=True cert=None trust_env=True http2=False
2025-02-01 13:44:21 [DEBUG] load_verify_locations cafile='/var/www/fastapi_env/lib/python3.12/site-packages/certifi/cacert.pem'
2025-02-01 13:44:21 [DEBUG] connect_tcp.started host='wtsdealnow.com' port=443 local_address=None timeout=5.0 socket_options=None
2025-02-01 13:44:21 [DEBUG] connect_tcp.complete return_value=<httpcore._backends.anyio.AnyIOStream object at 0x7c2f1e307cb0>
2025-02-01 13:44:21 [DEBUG] start_tls.started ssl_context=<ssl.SSLContext object at 0x7c2f1d9c8650> server_hostname='wtsdealnow.com' timeout=5.0
2025-02-01 13:44:21 [DEBUG] start_tls.complete return_value=<httpcore._backends.anyio.AnyIOStream object at 0x7c2f1da6c920>
2025-02-01 13:44:21 [DEBUG] send_request_headers.started request=<Request [b'POST']>
2025-02-01 13:44:21 [DEBUG] send_request_headers.complete
2025-02-01 13:44:21 [DEBUG] send_request_body.started request=<Request [b'POST']>
2025-02-01 13:44:21 [DEBUG] send_request_body.complete
2025-02-01 13:44:21 [DEBUG] receive_response_headers.started request=<Request [b'POST']>
2025-02-01 13:44:21 [DEBUG] receive_response_headers.complete return_value=(b'HTTP/1.1', 200, b'OK', [(b'Server', b'nginx/1.24.0 (Ubuntu)'), (b'Date', b'Sat, 01 Feb 2025 08:14:21 GMT'), (b'Content-Type', b'application/json'), (b'Content-Length', b'28'), (b'Connection', b'keep-alive'), (b'Vary', b'Accept, origin, Cookie'), (b'Allow', b'POST, OPTIONS'), (b'X-Frame-Options', b'DENY'), (b'Strict-Transport-Security', b'max-age=15780000'), (b'X-Content-Type-Options', b'nosniff'), (b'Referrer-Policy', b'same-origin'), (b'Cross-Origin-Opener-Policy', b'same-origin'), (b'Strict-Transport-Security', b'max-age=31536000'), (b'X-Frame-Options', b'SAMEORIGIN'), (b'X-Content-Type-Options', b'nosniff'), (b'X-XSS-Protection', b'1; mode=block')])
2025-02-01 13:44:21 [INFO] HTTP Request: POST https://wtsdealnow.com/update-balance-report/ "HTTP/1.1 200 OK"
2025-02-01 13:44:21 [DEBUG] receive_response_body.started request=<Request [b'POST']>
2025-02-01 13:44:21 [DEBUG] receive_response_body.complete
2025-02-01 13:44:21 [DEBUG] response_closed.started
2025-02-01 13:44:21 [DEBUG] response_closed.complete
2025-02-01 13:44:21 [DEBUG] close.started
2025-02-01 13:44:21 [DEBUG] close.complete
2025-02-01 13:44:43 [DEBUG] load_ssl_context verify=True cert=None trust_env=True http2=False
2025-02-01 13:44:43 [DEBUG] load_verify_locations cafile='/var/www/fastapi_env/lib/python3.12/site-packages/certifi/cacert.pem'
2025-02-01 13:44:43 [DEBUG] connect_tcp.started host='wtsdealnow.com' port=443 local_address=None timeout=5.0 socket_options=None
2025-02-01 13:44:43 [DEBUG] connect_tcp.complete return_value=<httpcore._backends.anyio.AnyIOStream object at 0x7c2f1da621b0>
2025-02-01 13:44:43 [DEBUG] start_tls.started ssl_context=<ssl.SSLContext object at 0x7c2f1d9e96d0> server_hostname='wtsdealnow.com' timeout=5.0
2025-02-01 13:44:43 [DEBUG] start_tls.complete return_value=<httpcore._backends.anyio.AnyIOStream object at 0x7c2f1da62a20>
2025-02-01 13:44:43 [DEBUG] send_request_headers.started request=<Request [b'GET']>
2025-02-01 13:44:43 [DEBUG] send_request_headers.complete
2025-02-01 13:44:43 [DEBUG] send_request_body.started request=<Request [b'GET']>
2025-02-01 13:44:43 [DEBUG] send_request_body.complete
2025-02-01 13:44:43 [DEBUG] receive_response_headers.started request=<Request [b'GET']>
2025-02-01 13:44:43 [DEBUG] receive_response_headers.complete return_value=(b'HTTP/1.1', 200, b'OK', [(b'Server', b'nginx/1.24.0 (Ubuntu)'), (b'Date', b'Sat, 01 Feb 2025 08:14:43 GMT'), (b'Content-Type', b'application/json'), (b'Content-Length', b'26867'), (b'Connection', b'keep-alive'), (b'Vary', b'origin, Cookie'), (b'X-Frame-Options', b'DENY'), (b'Strict-Transport-Security', b'max-age=15780000'), (b'X-Content-Type-Options', b'nosniff'), (b'Referrer-Policy', b'same-origin'), (b'Cross-Origin-Opener-Policy', b'same-origin'), (b'Strict-Transport-Security', b'max-age=31536000'), (b'X-Frame-Options', b'SAMEORIGIN'), (b'X-Content-Type-Options', b'nosniff'), (b'X-XSS-Protection', b'1; mode=block')])
2025-02-01 13:44:43 [INFO] HTTP Request: GET https://wtsdealnow.com/api/users/ "HTTP/1.1 200 OK"
2025-02-01 13:44:43 [DEBUG] receive_response_body.started request=<Request [b'GET']>
2025-02-01 13:44:43 [DEBUG] receive_response_body.complete
2025-02-01 13:44:43 [DEBUG] response_closed.started
2025-02-01 13:44:43 [DEBUG] response_closed.complete
2025-02-01 13:44:43 [DEBUG] close.started
2025-02-01 13:44:43 [DEBUG] close.complete
2025-02-01 13:44:43 [INFO] User validation successful for user_id: DemoTesting01
2025-02-01 13:44:43 [INFO] Coin validation successful. Required: 1, Available: 0
2025-02-01 13:44:43 [INFO] Processing 1 contacts for sending messages.
2025-02-01 13:44:43 [INFO] Sending batch of 1 contacts
2025-02-01 13:44:43 [INFO] media_type OTP
2025-02-01 13:44:44 [INFO] All messages processed. Total results: 1
2025-02-01 13:44:44 [INFO] notify_user function called
2025-02-01 13:44:44 [ERROR] Failed to notify user. Status: 400, Response: {"status": "error", "message": "Failed to process notification: No ReportInfo matches the given query."}
2025-02-01 13:44:44 [DEBUG] load_ssl_context verify=True cert=None trust_env=True http2=False
2025-02-01 13:44:44 [DEBUG] load_verify_locations cafile='/var/www/fastapi_env/lib/python3.12/site-packages/certifi/cacert.pem'
2025-02-01 13:44:44 [DEBUG] connect_tcp.started host='wtsdealnow.com' port=443 local_address=None timeout=5.0 socket_options=None
2025-02-01 13:44:44 [DEBUG] connect_tcp.complete return_value=<httpcore._backends.anyio.AnyIOStream object at 0x7c2f1da63ef0>
2025-02-01 13:44:44 [DEBUG] start_tls.started ssl_context=<ssl.SSLContext object at 0x7c2f1d9ebcd0> server_hostname='wtsdealnow.com' timeout=5.0
2025-02-01 13:44:44 [DEBUG] start_tls.complete return_value=<httpcore._backends.anyio.AnyIOStream object at 0x7c2f1da2c230>
2025-02-01 13:44:44 [DEBUG] send_request_headers.started request=<Request [b'POST']>
2025-02-01 13:44:44 [DEBUG] send_request_headers.complete
2025-02-01 13:44:44 [DEBUG] send_request_body.started request=<Request [b'POST']>
2025-02-01 13:44:44 [DEBUG] send_request_body.complete
2025-02-01 13:44:44 [DEBUG] receive_response_headers.started request=<Request [b'POST']>
2025-02-01 13:44:44 [DEBUG] receive_response_headers.complete return_value=(b'HTTP/1.1', 200, b'OK', [(b'Server', b'nginx/1.24.0 (Ubuntu)'), (b'Date', b'Sat, 01 Feb 2025 08:14:44 GMT'), (b'Content-Type', b'application/json'), (b'Content-Length', b'28'), (b'Connection', b'keep-alive'), (b'Vary', b'Accept, origin, Cookie'), (b'Allow', b'POST, OPTIONS'), (b'X-Frame-Options', b'DENY'), (b'Strict-Transport-Security', b'max-age=15780000'), (b'X-Content-Type-Options', b'nosniff'), (b'Referrer-Policy', b'same-origin'), (b'Cross-Origin-Opener-Policy', b'same-origin'), (b'Strict-Transport-Security', b'max-age=31536000'), (b'X-Frame-Options', b'SAMEORIGIN'), (b'X-Content-Type-Options', b'nosniff'), (b'X-XSS-Protection', b'1; mode=block')])
2025-02-01 13:44:44 [INFO] HTTP Request: POST https://wtsdealnow.com/update-balance-report/ "HTTP/1.1 200 OK"
2025-02-01 13:44:44 [DEBUG] receive_response_body.started request=<Request [b'POST']>
2025-02-01 13:44:44 [DEBUG] receive_response_body.complete
2025-02-01 13:44:44 [DEBUG] response_closed.started
2025-02-01 13:44:44 [DEBUG] response_closed.complete
2025-02-01 13:44:44 [DEBUG] close.started
2025-02-01 13:44:44 [DEBUG] close.complete
2025-02-01 13:46:03 [DEBUG] load_ssl_context verify=True cert=None trust_env=True http2=False
2025-02-01 13:46:03 [DEBUG] load_verify_locations cafile='/var/www/fastapi_env/lib/python3.12/site-packages/certifi/cacert.pem'
2025-02-01 13:46:03 [DEBUG] connect_tcp.started host='wtsdealnow.com' port=443 local_address=None timeout=5.0 socket_options=None
2025-02-01 13:46:03 [DEBUG] connect_tcp.complete return_value=<httpcore._backends.anyio.AnyIOStream object at 0x7c2f1d9fc260>
2025-02-01 13:46:03 [DEBUG] start_tls.started ssl_context=<ssl.SSLContext object at 0x7c2f1da6c050> server_hostname='wtsdealnow.com' timeout=5.0
2025-02-01 13:46:03 [DEBUG] start_tls.complete return_value=<httpcore._backends.anyio.AnyIOStream object at 0x7c2f1da36ae0>
2025-02-01 13:46:03 [DEBUG] send_request_headers.started request=<Request [b'GET']>
2025-02-01 13:46:03 [DEBUG] send_request_headers.complete
2025-02-01 13:46:03 [DEBUG] send_request_body.started request=<Request [b'GET']>
2025-02-01 13:46:03 [DEBUG] send_request_body.complete
2025-02-01 13:46:03 [DEBUG] receive_response_headers.started request=<Request [b'GET']>
2025-02-01 13:46:03 [DEBUG] receive_response_headers.complete return_value=(b'HTTP/1.1', 200, b'OK', [(b'Server', b'nginx/1.24.0 (Ubuntu)'), (b'Date', b'Sat, 01 Feb 2025 08:16:03 GMT'), (b'Content-Type', b'application/json'), (b'Content-Length', b'26867'), (b'Connection', b'keep-alive'), (b'Vary', b'origin, Cookie'), (b'X-Frame-Options', b'DENY'), (b'Strict-Transport-Security', b'max-age=15780000'), (b'X-Content-Type-Options', b'nosniff'), (b'Referrer-Policy', b'same-origin'), (b'Cross-Origin-Opener-Policy', b'same-origin'), (b'Strict-Transport-Security', b'max-age=31536000'), (b'X-Frame-Options', b'SAMEORIGIN'), (b'X-Content-Type-Options', b'nosniff'), (b'X-XSS-Protection', b'1; mode=block')])
2025-02-01 13:46:03 [INFO] HTTP Request: GET https://wtsdealnow.com/api/users/ "HTTP/1.1 200 OK"
2025-02-01 13:46:03 [DEBUG] receive_response_body.started request=<Request [b'GET']>
2025-02-01 13:46:03 [DEBUG] receive_response_body.complete
2025-02-01 13:46:03 [DEBUG] response_closed.started
2025-02-01 13:46:03 [DEBUG] response_closed.complete
2025-02-01 13:46:03 [DEBUG] close.started
2025-02-01 13:46:03 [DEBUG] close.complete
2025-02-01 13:46:03 [INFO] User validation successful for user_id: DemoTesting01
2025-02-01 13:46:03 [INFO] Coin validation successful. Required: 1, Available: 0
2025-02-01 13:46:03 [INFO] Processing 1 contacts for sending messages.
2025-02-01 13:46:03 [INFO] Sending batch of 1 contacts
2025-02-01 13:46:03 [INFO] media_type OTP
2025-02-01 13:46:04 [INFO] All messages processed. Total results: 1
2025-02-01 13:46:04 [INFO] notify_user function called
2025-02-01 13:46:04 [ERROR] Failed to notify user. Status: 400, Response: {"status": "error", "message": "Failed to process notification: No ReportInfo matches the given query."}
2025-02-01 13:46:04 [DEBUG] load_ssl_context verify=True cert=None trust_env=True http2=False
2025-02-01 13:46:04 [DEBUG] load_verify_locations cafile='/var/www/fastapi_env/lib/python3.12/site-packages/certifi/cacert.pem'
2025-02-01 13:46:04 [DEBUG] connect_tcp.started host='wtsdealnow.com' port=443 local_address=None timeout=5.0 socket_options=None
2025-02-01 13:46:04 [DEBUG] connect_tcp.complete return_value=<httpcore._backends.anyio.AnyIOStream object at 0x7c2f1d9a67e0>
2025-02-01 13:46:04 [DEBUG] start_tls.started ssl_context=<ssl.SSLContext object at 0x7c2f1da6d5d0> server_hostname='wtsdealnow.com' timeout=5.0
2025-02-01 13:46:04 [DEBUG] start_tls.complete return_value=<httpcore._backends.anyio.AnyIOStream object at 0x7c2f1d9fc650>
2025-02-01 13:46:04 [DEBUG] send_request_headers.started request=<Request [b'POST']>
2025-02-01 13:46:04 [DEBUG] send_request_headers.complete
2025-02-01 13:46:04 [DEBUG] send_request_body.started request=<Request [b'POST']>
2025-02-01 13:46:04 [DEBUG] send_request_body.complete
2025-02-01 13:46:04 [DEBUG] receive_response_headers.started request=<Request [b'POST']>
2025-02-01 13:46:04 [DEBUG] receive_response_headers.complete return_value=(b'HTTP/1.1', 200, b'OK', [(b'Server', b'nginx/1.24.0 (Ubuntu)'), (b'Date', b'Sat, 01 Feb 2025 08:16:04 GMT'), (b'Content-Type', b'application/json'), (b'Content-Length', b'28'), (b'Connection', b'keep-alive'), (b'Vary', b'Accept, origin, Cookie'), (b'Allow', b'POST, OPTIONS'), (b'X-Frame-Options', b'DENY'), (b'Strict-Transport-Security', b'max-age=15780000'), (b'X-Content-Type-Options', b'nosniff'), (b'Referrer-Policy', b'same-origin'), (b'Cross-Origin-Opener-Policy', b'same-origin'), (b'Strict-Transport-Security', b'max-age=31536000'), (b'X-Frame-Options', b'SAMEORIGIN'), (b'X-Content-Type-Options', b'nosniff'), (b'X-XSS-Protection', b'1; mode=block')])
2025-02-01 13:46:04 [INFO] HTTP Request: POST https://wtsdealnow.com/update-balance-report/ "HTTP/1.1 200 OK"
2025-02-01 13:46:04 [DEBUG] receive_response_body.started request=<Request [b'POST']>
2025-02-01 13:46:04 [DEBUG] receive_response_body.complete
2025-02-01 13:46:04 [DEBUG] response_closed.started
2025-02-01 13:46:04 [DEBUG] response_closed.complete
2025-02-01 13:46:04 [DEBUG] close.started
2025-02-01 13:46:04 [DEBUG] close.complete
2025-02-01 13:47:52 [DEBUG] Using selector: EpollSelector
2025-02-01 13:47:52 [DEBUG] Using selector: EpollSelector
2025-02-01 13:47:52 [DEBUG] Using selector: EpollSelector
2025-02-01 13:47:56 [INFO] Root endpoint accessed.
2025-02-01 13:48:25 [INFO] Processing 1 contacts for sending messages.
2025-02-01 13:48:25 [INFO] Sending batch of 1 contacts
2025-02-01 13:48:25 [INFO] media_type VIDEO
2025-02-01 13:48:26 [INFO] All messages processed. Total results: 1
2025-02-01 13:48:26 [INFO] notify_user function called
2025-02-01 13:48:26 [INFO] Successfully notified user via webhook.
2025-02-01 13:48:31 [DEBUG] Calling on_part_begin with no data
2025-02-01 13:48:31 [DEBUG] Calling on_header_field with data[36:55]
2025-02-01 13:48:31 [DEBUG] Calling on_header_value with data[57:82]
2025-02-01 13:48:31 [DEBUG] Calling on_header_end with no data
2025-02-01 13:48:31 [DEBUG] Calling on_headers_finished with no data
2025-02-01 13:48:31 [DEBUG] Calling on_part_data with data[86:99]
2025-02-01 13:48:31 [DEBUG] Calling on_part_end with no data
2025-02-01 13:48:31 [DEBUG] Calling on_part_begin with no data
2025-02-01 13:48:31 [DEBUG] Calling on_header_field with data[137:156]
2025-02-01 13:48:31 [DEBUG] Calling on_header_value with data[158:185]
2025-02-01 13:48:31 [DEBUG] Calling on_header_end with no data
2025-02-01 13:48:31 [DEBUG] Calling on_headers_finished with no data
2025-02-01 13:48:31 [DEBUG] Calling on_part_data with data[189:389]
2025-02-01 13:48:31 [DEBUG] Calling on_part_end with no data
2025-02-01 13:48:31 [DEBUG] Calling on_part_begin with no data
2025-02-01 13:48:31 [DEBUG] Calling on_header_field with data[427:446]
2025-02-01 13:48:31 [DEBUG] Calling on_header_value with data[448:498]
2025-02-01 13:48:31 [DEBUG] Calling on_header_end with no data
2025-02-01 13:48:31 [DEBUG] Calling on_headers_finished with no data
2025-02-01 13:48:31 [DEBUG] Calling on_part_data with data[502:261808]
2025-02-01 13:48:31 [DEBUG] Calling on_part_data with data[0:336]
2025-02-01 13:48:31 [DEBUG] Calling on_part_data with data[0:262144]
2025-02-01 13:48:31 [DEBUG] Calling on_part_data with data[0:169222]
2025-02-01 13:48:31 [DEBUG] Calling on_part_end with no data
2025-02-01 13:48:31 [DEBUG] Calling on_end with no data
2025-02-01 13:48:31 [ERROR] Unexpected error: 'NoneType' object has no attribute 'user_id'
2025-02-01 13:54:35 [DEBUG] load_ssl_context verify=True cert=None trust_env=True http2=False
2025-02-01 13:54:35 [DEBUG] load_verify_locations cafile='/var/www/fastapi_env/lib/python3.12/site-packages/certifi/cacert.pem'
2025-02-01 13:54:35 [DEBUG] connect_tcp.started host='wtsdealnow.com' port=443 local_address=None timeout=5.0 socket_options=None
2025-02-01 13:54:35 [DEBUG] connect_tcp.complete return_value=<httpcore._backends.anyio.AnyIOStream object at 0x7d1e4a88acf0>
2025-02-01 13:54:35 [DEBUG] start_tls.started ssl_context=<ssl.SSLContext object at 0x7d1e4a5b2c50> server_hostname='wtsdealnow.com' timeout=5.0
2025-02-01 13:54:35 [DEBUG] start_tls.complete return_value=<httpcore._backends.anyio.AnyIOStream object at 0x7d1e4a58acf0>
2025-02-01 13:54:35 [DEBUG] send_request_headers.started request=<Request [b'GET']>
2025-02-01 13:54:35 [DEBUG] send_request_headers.complete
2025-02-01 13:54:35 [DEBUG] send_request_body.started request=<Request [b'GET']>
2025-02-01 13:54:35 [DEBUG] send_request_body.complete
2025-02-01 13:54:35 [DEBUG] receive_response_headers.started request=<Request [b'GET']>
2025-02-01 13:54:35 [DEBUG] receive_response_headers.complete return_value=(b'HTTP/1.1', 200, b'OK', [(b'Server', b'nginx/1.24.0 (Ubuntu)'), (b'Date', b'Sat, 01 Feb 2025 08:24:35 GMT'), (b'Content-Type', b'application/json'), (b'Content-Length', b'26867'), (b'Connection', b'keep-alive'), (b'Vary', b'origin, Cookie'), (b'X-Frame-Options', b'DENY'), (b'Strict-Transport-Security', b'max-age=15780000'), (b'X-Content-Type-Options', b'nosniff'), (b'Referrer-Policy', b'same-origin'), (b'Cross-Origin-Opener-Policy', b'same-origin'), (b'Strict-Transport-Security', b'max-age=31536000'), (b'X-Frame-Options', b'SAMEORIGIN'), (b'X-Content-Type-Options', b'nosniff'), (b'X-XSS-Protection', b'1; mode=block')])
2025-02-01 13:54:35 [INFO] HTTP Request: GET https://wtsdealnow.com/api/users/ "HTTP/1.1 200 OK"
2025-02-01 13:54:35 [DEBUG] receive_response_body.started request=<Request [b'GET']>
2025-02-01 13:54:35 [DEBUG] receive_response_body.complete
2025-02-01 13:54:35 [DEBUG] response_closed.started
2025-02-01 13:54:35 [DEBUG] response_closed.complete
2025-02-01 13:54:35 [DEBUG] close.started
2025-02-01 13:54:35 [DEBUG] close.complete
2025-02-01 13:54:35 [INFO] User validation successful for user_id: DemoTesting01
2025-02-01 13:54:36 [INFO] Coin validation successful. Required: 1, Available: 0
2025-02-01 13:54:36 [INFO] Processing 1 contacts for sending messages.
2025-02-01 13:54:36 [INFO] Sending batch of 1 contacts
2025-02-01 13:54:36 [INFO] media_type OTP
2025-02-01 13:54:36 [INFO] All messages processed. Total results: 1
2025-02-01 13:54:36 [INFO] notify_user function called
2025-02-01 13:54:37 [ERROR] Failed to notify user. Status: 400, Response: {"status": "error", "message": "Failed to process notification: No ReportInfo matches the given query."}
2025-02-01 13:54:37 [DEBUG] load_ssl_context verify=True cert=None trust_env=True http2=False
2025-02-01 13:54:37 [DEBUG] load_verify_locations cafile='/var/www/fastapi_env/lib/python3.12/site-packages/certifi/cacert.pem'
2025-02-01 13:54:37 [DEBUG] connect_tcp.started host='wtsdealnow.com' port=443 local_address=None timeout=5.0 socket_options=None
2025-02-01 13:54:37 [DEBUG] connect_tcp.complete return_value=<httpcore._backends.anyio.AnyIOStream object at 0x7d1e4a5efbf0>
2025-02-01 13:54:37 [DEBUG] start_tls.started ssl_context=<ssl.SSLContext object at 0x7d1e4a6442d0> server_hostname='wtsdealnow.com' timeout=5.0
2025-02-01 13:54:37 [DEBUG] start_tls.complete return_value=<httpcore._backends.anyio.AnyIOStream object at 0x7d1e4a5ef7d0>
2025-02-01 13:54:37 [DEBUG] send_request_headers.started request=<Request [b'POST']>
2025-02-01 13:54:37 [DEBUG] send_request_headers.complete
2025-02-01 13:54:37 [DEBUG] send_request_body.started request=<Request [b'POST']>
2025-02-01 13:54:37 [DEBUG] send_request_body.complete
2025-02-01 13:54:37 [DEBUG] receive_response_headers.started request=<Request [b'POST']>
2025-02-01 13:54:37 [DEBUG] receive_response_headers.complete return_value=(b'HTTP/1.1', 200, b'OK', [(b'Server', b'nginx/1.24.0 (Ubuntu)'), (b'Date', b'Sat, 01 Feb 2025 08:24:37 GMT'), (b'Content-Type', b'application/json'), (b'Content-Length', b'28'), (b'Connection', b'keep-alive'), (b'Vary', b'Accept, origin, Cookie'), (b'Allow', b'POST, OPTIONS'), (b'X-Frame-Options', b'DENY'), (b'Strict-Transport-Security', b'max-age=15780000'), (b'X-Content-Type-Options', b'nosniff'), (b'Referrer-Policy', b'same-origin'), (b'Cross-Origin-Opener-Policy', b'same-origin'), (b'Strict-Transport-Security', b'max-age=31536000'), (b'X-Frame-Options', b'SAMEORIGIN'), (b'X-Content-Type-Options', b'nosniff'), (b'X-XSS-Protection', b'1; mode=block')])
2025-02-01 13:54:37 [INFO] HTTP Request: POST https://wtsdealnow.com/update-balance-report/ "HTTP/1.1 200 OK"
2025-02-01 13:54:37 [DEBUG] receive_response_body.started request=<Request [b'POST']>
2025-02-01 13:54:37 [DEBUG] receive_response_body.complete
2025-02-01 13:54:37 [DEBUG] response_closed.started
2025-02-01 13:54:37 [DEBUG] response_closed.complete
2025-02-01 13:54:37 [DEBUG] close.started
2025-02-01 13:54:37 [DEBUG] close.complete
2025-02-01 13:58:44 [DEBUG] Using selector: EpollSelector
2025-02-01 13:58:44 [DEBUG] Using selector: EpollSelector
2025-02-01 13:58:44 [DEBUG] Using selector: EpollSelector
2025-02-01 13:58:55 [INFO] Root endpoint accessed.
2025-02-01 13:59:40 [DEBUG] Calling on_part_begin with no data
2025-02-01 13:59:40 [DEBUG] Calling on_header_field with data[36:55]
2025-02-01 13:59:40 [DEBUG] Calling on_header_value with data[57:82]
2025-02-01 13:59:40 [DEBUG] Calling on_header_end with no data
2025-02-01 13:59:40 [DEBUG] Calling on_headers_finished with no data
2025-02-01 13:59:40 [DEBUG] Calling on_part_data with data[86:99]
2025-02-01 13:59:40 [DEBUG] Calling on_part_end with no data
2025-02-01 13:59:40 [DEBUG] Calling on_part_begin with no data
2025-02-01 13:59:40 [DEBUG] Calling on_header_field with data[137:156]
2025-02-01 13:59:40 [DEBUG] Calling on_header_value with data[158:185]
2025-02-01 13:59:40 [DEBUG] Calling on_header_end with no data
2025-02-01 13:59:40 [DEBUG] Calling on_headers_finished with no data
2025-02-01 13:59:40 [DEBUG] Calling on_part_data with data[189:389]
2025-02-01 13:59:40 [DEBUG] Calling on_part_end with no data
2025-02-01 13:59:40 [DEBUG] Calling on_part_begin with no data
2025-02-01 13:59:40 [DEBUG] Calling on_header_field with data[427:446]
2025-02-01 13:59:40 [DEBUG] Calling on_header_value with data[448:498]
2025-02-01 13:59:40 [DEBUG] Calling on_header_end with no data
2025-02-01 13:59:40 [DEBUG] Calling on_headers_finished with no data
2025-02-01 13:59:40 [DEBUG] Calling on_part_data with data[502:261808]
2025-02-01 13:59:40 [DEBUG] Calling on_part_data with data[0:336]
2025-02-01 13:59:40 [DEBUG] Calling on_part_data with data[0:262144]
2025-02-01 13:59:40 [DEBUG] Calling on_part_data with data[0:169222]
2025-02-01 13:59:40 [DEBUG] Calling on_part_end with no data
2025-02-01 13:59:40 [DEBUG] Calling on_end with no data
2025-02-01 13:59:40 [DEBUG] load_ssl_context verify=True cert=None trust_env=True http2=False
2025-02-01 13:59:40 [DEBUG] load_verify_locations cafile='/var/www/fastapi_env/lib/python3.12/site-packages/certifi/cacert.pem'
2025-02-01 13:59:40 [DEBUG] connect_tcp.started host='wtsdealnow.com' port=443 local_address=None timeout=5.0 socket_options=None
2025-02-01 13:59:40 [DEBUG] connect_tcp.complete return_value=<httpcore._backends.anyio.AnyIOStream object at 0x78aa9481c260>
2025-02-01 13:59:40 [DEBUG] start_tls.started ssl_context=<ssl.SSLContext object at 0x78aa944ffed0> server_hostname='wtsdealnow.com' timeout=5.0
2025-02-01 13:59:40 [DEBUG] start_tls.complete return_value=<httpcore._backends.anyio.AnyIOStream object at 0x78aa947bb080>
2025-02-01 13:59:40 [DEBUG] send_request_headers.started request=<Request [b'GET']>
2025-02-01 13:59:40 [DEBUG] send_request_headers.complete
2025-02-01 13:59:40 [DEBUG] send_request_body.started request=<Request [b'GET']>
2025-02-01 13:59:40 [DEBUG] send_request_body.complete
2025-02-01 13:59:40 [DEBUG] receive_response_headers.started request=<Request [b'GET']>
2025-02-01 13:59:40 [DEBUG] receive_response_headers.complete return_value=(b'HTTP/1.1', 200, b'OK', [(b'Server', b'nginx/1.24.0 (Ubuntu)'), (b'Date', b'Sat, 01 Feb 2025 08:29:40 GMT'), (b'Content-Type', b'application/json'), (b'Content-Length', b'26867'), (b'Connection', b'keep-alive'), (b'Vary', b'origin, Cookie'), (b'X-Frame-Options', b'DENY'), (b'Strict-Transport-Security', b'max-age=15780000'), (b'X-Content-Type-Options', b'nosniff'), (b'Referrer-Policy', b'same-origin'), (b'Cross-Origin-Opener-Policy', b'same-origin'), (b'Strict-Transport-Security', b'max-age=31536000'), (b'X-Frame-Options', b'SAMEORIGIN'), (b'X-Content-Type-Options', b'nosniff'), (b'X-XSS-Protection', b'1; mode=block')])
2025-02-01 13:59:40 [INFO] HTTP Request: GET https://wtsdealnow.com/api/users/ "HTTP/1.1 200 OK"
2025-02-01 13:59:40 [DEBUG] receive_response_body.started request=<Request [b'GET']>
2025-02-01 13:59:40 [DEBUG] receive_response_body.complete
2025-02-01 13:59:40 [DEBUG] response_closed.started
2025-02-01 13:59:40 [DEBUG] response_closed.complete
2025-02-01 13:59:40 [DEBUG] close.started
2025-02-01 13:59:40 [DEBUG] close.complete
2025-02-01 13:59:40 [ERROR] Exception occurred: ClientSession._request() got an unexpected keyword argument 'files'
2025-02-01 13:59:40 [ERROR] User validation failed: Failed to generate media ID
2025-02-01 14:10:41 [INFO] Processing 21 contacts for sending messages.
2025-02-01 14:10:41 [INFO] Sending batch of 21 contacts
2025-02-01 14:10:43 [INFO] Calling notify_user with results.
2025-02-01 14:10:43 [INFO] notify_user function called
2025-02-01 14:10:43 [INFO] Successfully notified user via webhook.
2025-02-01 14:35:26 [DEBUG] Calling on_part_begin with no data
2025-02-01 14:35:26 [DEBUG] Calling on_header_field with data[36:55]
2025-02-01 14:35:26 [DEBUG] Calling on_header_value with data[57:82]
2025-02-01 14:35:26 [DEBUG] Calling on_header_end with no data
2025-02-01 14:35:26 [DEBUG] Calling on_headers_finished with no data
2025-02-01 14:35:26 [DEBUG] Calling on_part_data with data[86:99]
2025-02-01 14:35:26 [DEBUG] Calling on_part_end with no data
2025-02-01 14:35:26 [DEBUG] Calling on_part_begin with no data
2025-02-01 14:35:26 [DEBUG] Calling on_header_field with data[137:156]
2025-02-01 14:35:26 [DEBUG] Calling on_header_value with data[158:185]
2025-02-01 14:35:26 [DEBUG] Calling on_header_end with no data
2025-02-01 14:35:26 [DEBUG] Calling on_headers_finished with no data
2025-02-01 14:35:26 [DEBUG] Calling on_part_data with data[189:389]
2025-02-01 14:35:26 [DEBUG] Calling on_part_end with no data
2025-02-01 14:35:26 [DEBUG] Calling on_part_begin with no data
2025-02-01 14:35:26 [DEBUG] Calling on_header_field with data[427:446]
2025-02-01 14:35:26 [DEBUG] Calling on_header_value with data[448:498]
2025-02-01 14:35:26 [DEBUG] Calling on_header_end with no data
2025-02-01 14:35:26 [DEBUG] Calling on_headers_finished with no data
2025-02-01 14:35:26 [DEBUG] Calling on_part_data with data[502:261808]
2025-02-01 14:35:26 [DEBUG] Calling on_part_data with data[0:336]
2025-02-01 14:35:26 [DEBUG] Calling on_part_data with data[0:262144]
2025-02-01 14:35:26 [DEBUG] Calling on_part_data with data[0:169222]
2025-02-01 14:35:26 [DEBUG] Calling on_part_end with no data
2025-02-01 14:35:26 [DEBUG] Calling on_end with no data
2025-02-01 14:35:26 [DEBUG] load_ssl_context verify=True cert=None trust_env=True http2=False
2025-02-01 14:35:26 [DEBUG] load_verify_locations cafile='/var/www/fastapi_env/lib/python3.12/site-packages/certifi/cacert.pem'
2025-02-01 14:35:26 [DEBUG] connect_tcp.started host='wtsdealnow.com' port=443 local_address=None timeout=5.0 socket_options=None
2025-02-01 14:35:26 [DEBUG] connect_tcp.complete return_value=<httpcore._backends.anyio.AnyIOStream object at 0x78aa9430c890>
2025-02-01 14:35:26 [DEBUG] start_tls.started ssl_context=<ssl.SSLContext object at 0x78aa944ffdd0> server_hostname='wtsdealnow.com' timeout=5.0
2025-02-01 14:35:26 [DEBUG] start_tls.complete return_value=<httpcore._backends.anyio.AnyIOStream object at 0x78aa9430cc80>
2025-02-01 14:35:26 [DEBUG] send_request_headers.started request=<Request [b'GET']>
2025-02-01 14:35:26 [DEBUG] send_request_headers.complete
2025-02-01 14:35:26 [DEBUG] send_request_body.started request=<Request [b'GET']>
2025-02-01 14:35:26 [DEBUG] send_request_body.complete
2025-02-01 14:35:26 [DEBUG] receive_response_headers.started request=<Request [b'GET']>
2025-02-01 14:35:26 [DEBUG] receive_response_headers.complete return_value=(b'HTTP/1.1', 200, b'OK', [(b'Server', b'nginx/1.24.0 (Ubuntu)'), (b'Date', b'Sat, 01 Feb 2025 09:05:26 GMT'), (b'Content-Type', b'application/json'), (b'Content-Length', b'26867'), (b'Connection', b'keep-alive'), (b'Vary', b'origin, Cookie'), (b'X-Frame-Options', b'DENY'), (b'Strict-Transport-Security', b'max-age=15780000'), (b'X-Content-Type-Options', b'nosniff'), (b'Referrer-Policy', b'same-origin'), (b'Cross-Origin-Opener-Policy', b'same-origin'), (b'Strict-Transport-Security', b'max-age=31536000'), (b'X-Frame-Options', b'SAMEORIGIN'), (b'X-Content-Type-Options', b'nosniff'), (b'X-XSS-Protection', b'1; mode=block')])
2025-02-01 14:35:26 [INFO] HTTP Request: GET https://wtsdealnow.com/api/users/ "HTTP/1.1 200 OK"
2025-02-01 14:35:26 [DEBUG] receive_response_body.started request=<Request [b'GET']>
2025-02-01 14:35:26 [DEBUG] receive_response_body.complete
2025-02-01 14:35:26 [DEBUG] response_closed.started
2025-02-01 14:35:26 [DEBUG] response_closed.complete
2025-02-01 14:35:26 [DEBUG] close.started
2025-02-01 14:35:26 [DEBUG] close.complete
2025-02-01 14:35:26 [ERROR] Exception occurred: ClientSession._request() got an unexpected keyword argument 'files'
2025-02-01 14:35:26 [ERROR] User validation failed: Failed to generate media ID
2025-02-01 14:37:23 [DEBUG] Calling on_part_begin with no data
2025-02-01 14:37:23 [DEBUG] Calling on_header_field with data[36:55]
2025-02-01 14:37:23 [DEBUG] Calling on_header_value with data[57:82]
2025-02-01 14:37:23 [DEBUG] Calling on_header_end with no data
2025-02-01 14:37:23 [DEBUG] Calling on_headers_finished with no data
2025-02-01 14:37:23 [DEBUG] Calling on_part_data with data[86:99]
2025-02-01 14:37:23 [DEBUG] Calling on_part_end with no data
2025-02-01 14:37:23 [DEBUG] Calling on_part_begin with no data
2025-02-01 14:37:23 [DEBUG] Calling on_header_field with data[137:156]
2025-02-01 14:37:23 [DEBUG] Calling on_header_value with data[158:185]
2025-02-01 14:37:23 [DEBUG] Calling on_header_end with no data
2025-02-01 14:37:23 [DEBUG] Calling on_headers_finished with no data
2025-02-01 14:37:23 [DEBUG] Calling on_part_data with data[189:389]
2025-02-01 14:37:23 [DEBUG] Calling on_part_end with no data
2025-02-01 14:37:23 [DEBUG] Calling on_part_begin with no data
2025-02-01 14:37:23 [DEBUG] Calling on_header_field with data[427:446]
2025-02-01 14:37:23 [DEBUG] Calling on_header_value with data[448:498]
2025-02-01 14:37:23 [DEBUG] Calling on_header_end with no data
2025-02-01 14:37:23 [DEBUG] Calling on_headers_finished with no data
2025-02-01 14:37:23 [DEBUG] Calling on_part_data with data[502:261808]
2025-02-01 14:37:23 [DEBUG] Calling on_part_data with data[0:336]
2025-02-01 14:37:23 [DEBUG] Calling on_part_data with data[0:131072]
2025-02-01 14:37:23 [DEBUG] Calling on_part_data with data[0:262144]
2025-02-01 14:37:23 [DEBUG] Calling on_part_data with data[0:38150]
2025-02-01 14:37:23 [DEBUG] Calling on_part_end with no data
2025-02-01 14:37:23 [DEBUG] Calling on_end with no data
2025-02-01 14:37:23 [DEBUG] load_ssl_context verify=True cert=None trust_env=True http2=False
2025-02-01 14:37:23 [DEBUG] load_verify_locations cafile='/var/www/fastapi_env/lib/python3.12/site-packages/certifi/cacert.pem'
2025-02-01 14:37:23 [DEBUG] connect_tcp.started host='wtsdealnow.com' port=443 local_address=None timeout=5.0 socket_options=None
2025-02-01 14:37:23 [DEBUG] connect_tcp.complete return_value=<httpcore._backends.anyio.AnyIOStream object at 0x78aa94337140>
2025-02-01 14:37:23 [DEBUG] start_tls.started ssl_context=<ssl.SSLContext object at 0x78aa94513dd0> server_hostname='wtsdealnow.com' timeout=5.0
2025-02-01 14:37:23 [DEBUG] start_tls.complete return_value=<httpcore._backends.anyio.AnyIOStream object at 0x78aa9430fb60>
2025-02-01 14:37:23 [DEBUG] send_request_headers.started request=<Request [b'GET']>
2025-02-01 14:37:23 [DEBUG] send_request_headers.complete
2025-02-01 14:37:23 [DEBUG] send_request_body.started request=<Request [b'GET']>
2025-02-01 14:37:23 [DEBUG] send_request_body.complete
2025-02-01 14:37:23 [DEBUG] receive_response_headers.started request=<Request [b'GET']>
2025-02-01 14:37:23 [DEBUG] receive_response_headers.complete return_value=(b'HTTP/1.1', 200, b'OK', [(b'Server', b'nginx/1.24.0 (Ubuntu)'), (b'Date', b'Sat, 01 Feb 2025 09:07:23 GMT'), (b'Content-Type', b'application/json'), (b'Content-Length', b'26867'), (b'Connection', b'keep-alive'), (b'Vary', b'origin, Cookie'), (b'X-Frame-Options', b'DENY'), (b'Strict-Transport-Security', b'max-age=15780000'), (b'X-Content-Type-Options', b'nosniff'), (b'Referrer-Policy', b'same-origin'), (b'Cross-Origin-Opener-Policy', b'same-origin'), (b'Strict-Transport-Security', b'max-age=31536000'), (b'X-Frame-Options', b'SAMEORIGIN'), (b'X-Content-Type-Options', b'nosniff'), (b'X-XSS-Protection', b'1; mode=block')])
2025-02-01 14:37:23 [INFO] HTTP Request: GET https://wtsdealnow.com/api/users/ "HTTP/1.1 200 OK"
2025-02-01 14:37:23 [DEBUG] receive_response_body.started request=<Request [b'GET']>
2025-02-01 14:37:23 [DEBUG] receive_response_body.complete
2025-02-01 14:37:23 [DEBUG] response_closed.started
2025-02-01 14:37:23 [DEBUG] response_closed.complete
2025-02-01 14:37:23 [DEBUG] close.started
2025-02-01 14:37:23 [DEBUG] close.complete
2025-02-01 14:37:23 [ERROR] Exception occurred: ClientSession._request() got an unexpected keyword argument 'files'
2025-02-01 14:37:23 [ERROR] User validation failed: Failed to generate media ID
